<?xml version="1.0" encoding="UTF-8"?>
<!-- Generated by org.testng.reporters.JUnitReportReporter -->
<testsuite hostname="LAPTOP-SD3H4COP" failures="0" tests="1" name="com.online.testcases.logintest_T001" time="2.190" errors="0" timestamp="2023-08-01T10:50:30 IST" skipped="0">
  <testcase classname="com.online.testcases.logintest_T001" name="logintest" time="2.190"/>
</testsuite> <!-- com.online.testcases.logintest_T001 -->
